0 info it worked if it ends with ok
1 verbose cli [ '/Users/hikalu/.nvm/versions/node/v5.10.1/bin/node',
1 verbose cli   '/Users/hikalu/.nvm/versions/node/v5.10.1/bin/npm',
1 verbose cli   'start' ]
2 info using npm@3.8.3
3 info using node@v5.10.1
4 verbose run-script [ 'prestart', 'start', 'poststart' ]
5 info lifecycle es6-blog@1.0.0~prestart: es6-blog@1.0.0
6 silly lifecycle es6-blog@1.0.0~prestart: no script for prestart, continuing
7 info lifecycle es6-blog@1.0.0~start: es6-blog@1.0.0
8 verbose lifecycle es6-blog@1.0.0~start: unsafe-perm in lifecycle true
9 verbose lifecycle es6-blog@1.0.0~start: PATH: /Users/hikalu/.nvm/versions/node/v5.10.1/lib/node_modules/npm/bin/node-gyp-bin:/Users/hikalu/web/FEND-practice/practice/040-blog/node_modules/.bin:/Users/hikalu/.nvm/versions/node/v5.10.1/bin:/Users/hikalu/.nvm/versions/node/v5.10.1/bin:/usr/local/bin:/usr/bin:/bin:/usr/sbin:/sbin:/Library/TeX/texbin/
10 verbose lifecycle es6-blog@1.0.0~start: CWD: /Users/hikalu/web/FEND-practice/practice/040-blog
11 silly lifecycle es6-blog@1.0.0~start: Args: [ '-c', 'npx webpack -wd' ]
12 silly lifecycle es6-blog@1.0.0~start: Returned: code: 1  signal: null
13 info lifecycle es6-blog@1.0.0~start: Failed to exec start script
14 verbose stack Error: es6-blog@1.0.0 start: `npx webpack -wd`
14 verbose stack Exit status 1
14 verbose stack     at EventEmitter.<anonymous> (/Users/hikalu/.nvm/versions/node/v5.10.1/lib/node_modules/npm/lib/utils/lifecycle.js:239:16)
14 verbose stack     at emitTwo (events.js:100:13)
14 verbose stack     at EventEmitter.emit (events.js:185:7)
14 verbose stack     at ChildProcess.<anonymous> (/Users/hikalu/.nvm/versions/node/v5.10.1/lib/node_modules/npm/lib/utils/spawn.js:24:14)
14 verbose stack     at emitTwo (events.js:100:13)
14 verbose stack     at ChildProcess.emit (events.js:185:7)
14 verbose stack     at maybeClose (internal/child_process.js:850:16)
14 verbose stack     at Process.ChildProcess._handle.onexit (internal/child_process.js:215:5)
15 verbose pkgid es6-blog@1.0.0
16 verbose cwd /Users/hikalu/web/FEND-practice/practice/040-blog
17 error Darwin 17.5.0
18 error argv "/Users/hikalu/.nvm/versions/node/v5.10.1/bin/node" "/Users/hikalu/.nvm/versions/node/v5.10.1/bin/npm" "start"
19 error node v5.10.1
20 error npm  v3.8.3
21 error code ELIFECYCLE
22 error es6-blog@1.0.0 start: `npx webpack -wd`
22 error Exit status 1
23 error Failed at the es6-blog@1.0.0 start script 'npx webpack -wd'.
23 error Make sure you have the latest version of node.js and npm installed.
23 error If you do, this is most likely a problem with the es6-blog package,
23 error not with npm itself.
23 error Tell the author that this fails on your system:
23 error     npx webpack -wd
23 error You can get information on how to open an issue for this project with:
23 error     npm bugs es6-blog
23 error Or if that isn't available, you can get their info via:
23 error     npm owner ls es6-blog
23 error There is likely additional logging output above.
24 verbose exit [ 1, true ]
